<?xml version="1.0" encoding="UTF-8"?>
<!DOCTYPE html PUBLIC "-//W3C//DTD XHTML 1.0 Strict//EN" "http://www.w3.org/TR/xhtml1/DTD/xhtml1-strict.dtd">
<html xmlns="http://www.w3.org/1999/xhtml">
<head>
    <title>ERP测试用例(HQ020001)</title>
    <meta name="generator" content="HTMLTestRunner 0.8.2"/>
    <meta http-equiv="Content-Type" content="text/html; charset=UTF-8"/>
	<link rel="stylesheet" href="http://cdn.bootcss.com/bootstrap/3.3.0/css/bootstrap.min.css">
	<script src="http://cdn.bootcss.com/bootstrap/3.3.0/js/bootstrap.min.js"></script>
    
<style type="text/css" media="screen">
body        { font-family: verdana, arial, helvetica, sans-serif; font-size: 80%; }
table       { font-size: 100%; }
pre         { }

/* -- heading ---------------------------------------------------------------------- */
h1 {
	font-size: 16pt;
	color: gray;
}
.heading {
    margin-top: 0ex;
    margin-bottom: 1ex;
}

.heading .attribute {
    margin-top: 1ex;
    margin-bottom: 0;
}

.heading .description {
    margin-top: 4ex;
    margin-bottom: 6ex;
}

/* -- css div popup ------------------------------------------------------------------------ */
a.popup_link {
}

a.popup_link:hover {
    color: red;
}

.popup_window {
    display: none;
    position: relative;
    left: 0px;
    top: 0px;
    /*border: solid #627173 1px; */
    padding: 10px;
    background-color: #E6E6D6;
    font-family: "Lucida Console", "Courier New", Courier, monospace;
    text-align: left;
    font-size: 8pt;
    width: 500px;
}

}
/* -- report ------------------------------------------------------------------------ */
#show_detail_line {
    margin-top: 3ex;
    margin-bottom: 1ex;
}
#result_table {
    width: 80%;
    border-collapse: collapse;
    border: 1px solid #777;
}
#header_row {
    font-weight: bold;
    color: white;
    background-color: #777;
}
#result_table td {
    border: 1px solid #777;
    padding: 2px;
}
#total_row  { font-weight: bold; }
.passClass  { background-color: #6c6; }
.failClass  { background-color: #c60; }
.errorClass { background-color: #c00; }
.passCase   { color: #6c6; }
.failCase   { color: #c60; font-weight: bold; }
.errorCase  { color: #c00; font-weight: bold; }
.hiddenRow  { display: none; }
.testcase   { margin-left: 2em; }


/* -- ending ---------------------------------------------------------------------- */
#ending {
}

</style>

</head>
<body>
<script language="javascript" type="text/javascript"><!--
output_list = Array();

/* level - 0:Summary; 1:Failed; 2:All */
function showCase(level) {
    trs = document.getElementsByTagName("tr");
    for (var i = 0; i < trs.length; i++) {
        tr = trs[i];
        id = tr.id;
        if (id.substr(0,2) == 'ft') {
            if (level < 1) {
                tr.className = 'hiddenRow';
            }
            else {
                tr.className = '';
            }
        }
        if (id.substr(0,2) == 'pt') {
            if (level > 1) {
                tr.className = '';
            }
            else {
                tr.className = 'hiddenRow';
            }
        }
    }
}


function showClassDetail(cid, count) {
    var id_list = Array(count);
    var toHide = 1;
    for (var i = 0; i < count; i++) {
        tid0 = 't' + cid.substr(1) + '.' + (i+1);
        tid = 'f' + tid0;
        tr = document.getElementById(tid);
        if (!tr) {
            tid = 'p' + tid0;
            tr = document.getElementById(tid);
        }
        id_list[i] = tid;
        if (tr.className) {
            toHide = 0;
        }
    }
    for (var i = 0; i < count; i++) {
        tid = id_list[i];
        if (toHide) {
            document.getElementById('div_'+tid).style.display = 'none'
            document.getElementById(tid).className = 'hiddenRow';
        }
        else {
            document.getElementById(tid).className = '';
        }
    }
}


function showTestDetail(div_id){
    var details_div = document.getElementById(div_id)
    var displayState = details_div.style.display
    // alert(displayState)
    if (displayState != 'block' ) {
        displayState = 'block'
        details_div.style.display = 'block'
    }
    else {
        details_div.style.display = 'none'
    }
}


function html_escape(s) {
    s = s.replace(/&/g,'&amp;');
    s = s.replace(/</g,'&lt;');
    s = s.replace(/>/g,'&gt;');
    return s;
}

/* obsoleted by detail in <div>
function showOutput(id, name) {
    var w = window.open("", //url
                    name,
                    "resizable,scrollbars,status,width=800,height=450");
    d = w.document;
    d.write("<pre>");
    d.write(html_escape(output_list[id]));
    d.write("\n");
    d.write("<a href='javascript:window.close()'>close</a>\n");
    d.write("</pre>\n");
    d.close();
}
*/
--></script>

<div class='heading'>
<h1>ERP测试用例(HQ020001)</h1>
<p class='attribute'><strong>Start Time:</strong> 2017-05-12 22:41:40</p>
<p class='attribute'><strong>Duration:</strong> 0:03:41.564756</p>
<p class='attribute'><strong>Status:</strong> Error 18</p>

<p class='description'>测试环境：Chrome</p>
</div>



<p id='show_detail_line'>Show
<a href='javascript:showCase(0)' class="btn btn-xs btn-primary">Summary</a>
<a href='javascript:showCase(1)' class="btn btn-xs btn-danger">Failed</a>
<a href='javascript:showCase(2)' class="btn btn-xs btn-info">All</a>
</p>
<table id='result_table'>
<colgroup>
<col align='left' />
<col align='right' />
<col align='right' />
<col align='right' />
<col align='right' />
<col align='right' />
</colgroup>
<tr id='header_row'>
    <td>Test Group/Test case</td>
    <td>Count</td>
    <td>Pass</td>
    <td>Fail</td>
    <td>Error</td>
    <td>View</td>
</tr>

<tr class='errorClass'>
    <td>test_erp.ErpTest</td>
    <td>18</td>
    <td>0</td>
    <td>0</td>
    <td>18</td>
    <td><a href="javascript:showClassDetail('c1',18)">Detail</a></td>
</tr>

<tr id='ft1.1' class='none'>
    <td class='errorCase'><div class='testcase'>test_1: erp-login search key : pyse</div></td>
    <td colspan='5' align='center'>

    <!--css div popup start-->
    <a class="popup_link" onfocus='this.blur();' href="javascript:showTestDetail('div_ft1.1')" >
        error</a>

    <div id='div_ft1.1' class="popup_window">
        <div style='text-align: right; color:red;cursor:pointer'>
        <a onfocus='this.blur();' onclick="document.getElementById('div_ft1.1').style.display = 'none' " >
           [x]</a>
        </div>
        <pre>
        
ft1.1: After login==================
用户帐户 | 支付平台
http://172.16.104.126:8086/user/login
Traceback (most recent call last):
  File "/Users/zhouxiaoming/Desktop/untitled/test_erp.py", line 34, in test_1
    user=driver.get_text("css=&gt;#block-block-1&gt;a")
  File "/Library/Frameworks/Python.framework/Versions/3.5/lib/python3.5/site-packages/pyse-0.0.7-py3.5.egg/pyse/pyse.py", line 313, in get_text
    self.element_wait(css)
  File "/Library/Frameworks/Python.framework/Versions/3.5/lib/python3.5/site-packages/pyse-0.0.7-py3.5.egg/pyse/pyse.py", line 63, in element_wait
    WebDriverWait(self.driver,secs,1).until(EC.presence_of_element_located((By.CSS_SELECTOR, value)))
  File "/Library/Frameworks/Python.framework/Versions/3.5/lib/python3.5/site-packages/pyse-0.0.7-py3.5.egg/selenium/webdriver/support/wait.py", line 80, in until
    raise TimeoutException(message, screen, stacktrace)
selenium.common.exceptions.TimeoutException: Message: 



        </pre>
    </div>
    <!--css div popup end-->

    </td>
</tr>

<tr id='ft1.2' class='none'>
    <td class='errorCase'><div class='testcase'>test_10_delivery_routes: erp-test_delivery_routes search key : pyse</div></td>
    <td colspan='5' align='center'>

    <!--css div popup start-->
    <a class="popup_link" onfocus='this.blur();' href="javascript:showTestDetail('div_ft1.2')" >
        error</a>

    <div id='div_ft1.2' class="popup_window">
        <div style='text-align: right; color:red;cursor:pointer'>
        <a onfocus='this.blur();' onclick="document.getElementById('div_ft1.2').style.display = 'none' " >
           [x]</a>
        </div>
        <pre>
        
ft1.2: After login==================
Traceback (most recent call last):
  File "/Users/zhouxiaoming/Desktop/untitled/test_erp.py", line 474, in test_10_delivery_routes
    driver.click("css=&gt;.last.leaf.menu-mlid-4819&gt;a")
  File "/Library/Frameworks/Python.framework/Versions/3.5/lib/python3.5/site-packages/pyse-0.0.7-py3.5.egg/pyse/pyse.py", line 150, in click
    self.element_wait(css)
  File "/Library/Frameworks/Python.framework/Versions/3.5/lib/python3.5/site-packages/pyse-0.0.7-py3.5.egg/pyse/pyse.py", line 63, in element_wait
    WebDriverWait(self.driver,secs,1).until(EC.presence_of_element_located((By.CSS_SELECTOR, value)))
  File "/Library/Frameworks/Python.framework/Versions/3.5/lib/python3.5/site-packages/pyse-0.0.7-py3.5.egg/selenium/webdriver/support/wait.py", line 80, in until
    raise TimeoutException(message, screen, stacktrace)
selenium.common.exceptions.TimeoutException: Message: 



        </pre>
    </div>
    <!--css div popup end-->

    </td>
</tr>

<tr id='ft1.3' class='none'>
    <td class='errorCase'><div class='testcase'>test_11_distribution_plan: erp-test_distribution_plan search key : pyse</div></td>
    <td colspan='5' align='center'>

    <!--css div popup start-->
    <a class="popup_link" onfocus='this.blur();' href="javascript:showTestDetail('div_ft1.3')" >
        error</a>

    <div id='div_ft1.3' class="popup_window">
        <div style='text-align: right; color:red;cursor:pointer'>
        <a onfocus='this.blur();' onclick="document.getElementById('div_ft1.3').style.display = 'none' " >
           [x]</a>
        </div>
        <pre>
        
ft1.3: After login==================
Traceback (most recent call last):
  File "/Users/zhouxiaoming/Desktop/untitled/test_erp.py", line 522, in test_11_distribution_plan
    driver.click("css=&gt;.link-send")
  File "/Library/Frameworks/Python.framework/Versions/3.5/lib/python3.5/site-packages/pyse-0.0.7-py3.5.egg/pyse/pyse.py", line 150, in click
    self.element_wait(css)
  File "/Library/Frameworks/Python.framework/Versions/3.5/lib/python3.5/site-packages/pyse-0.0.7-py3.5.egg/pyse/pyse.py", line 63, in element_wait
    WebDriverWait(self.driver,secs,1).until(EC.presence_of_element_located((By.CSS_SELECTOR, value)))
  File "/Library/Frameworks/Python.framework/Versions/3.5/lib/python3.5/site-packages/pyse-0.0.7-py3.5.egg/selenium/webdriver/support/wait.py", line 80, in until
    raise TimeoutException(message, screen, stacktrace)
selenium.common.exceptions.TimeoutException: Message: 



        </pre>
    </div>
    <!--css div popup end-->

    </td>
</tr>

<tr id='ft1.4' class='none'>
    <td class='errorCase'><div class='testcase'>test_12_order</div></td>
    <td colspan='5' align='center'>

    <!--css div popup start-->
    <a class="popup_link" onfocus='this.blur();' href="javascript:showTestDetail('div_ft1.4')" >
        error</a>

    <div id='div_ft1.4' class="popup_window">
        <div style='text-align: right; color:red;cursor:pointer'>
        <a onfocus='this.blur();' onclick="document.getElementById('div_ft1.4').style.display = 'none' " >
           [x]</a>
        </div>
        <pre>
        
ft1.4: After login==================
Traceback (most recent call last):
  File "/Users/zhouxiaoming/Desktop/untitled/test_erp.py", line 582, in test_12_order
    driver.click("xpath=&gt;.//*[@id='delivery_schedule-%s-0']/div/div/div/div/div[1]/div/span/a" %(order_date()))
  File "/Library/Frameworks/Python.framework/Versions/3.5/lib/python3.5/site-packages/pyse-0.0.7-py3.5.egg/pyse/pyse.py", line 150, in click
    self.element_wait(css)
  File "/Library/Frameworks/Python.framework/Versions/3.5/lib/python3.5/site-packages/pyse-0.0.7-py3.5.egg/pyse/pyse.py", line 61, in element_wait
    WebDriverWait(self.driver,secs,1).until(EC.presence_of_element_located((By.XPATH, value)))
  File "/Library/Frameworks/Python.framework/Versions/3.5/lib/python3.5/site-packages/pyse-0.0.7-py3.5.egg/selenium/webdriver/support/wait.py", line 80, in until
    raise TimeoutException(message, screen, stacktrace)
selenium.common.exceptions.TimeoutException: Message: 



        </pre>
    </div>
    <!--css div popup end-->

    </td>
</tr>

<tr id='ft1.5' class='none'>
    <td class='errorCase'><div class='testcase'>test_13_estimate_manage</div></td>
    <td colspan='5' align='center'>

    <!--css div popup start-->
    <a class="popup_link" onfocus='this.blur();' href="javascript:showTestDetail('div_ft1.5')" >
        error</a>

    <div id='div_ft1.5' class="popup_window">
        <div style='text-align: right; color:red;cursor:pointer'>
        <a onfocus='this.blur();' onclick="document.getElementById('div_ft1.5').style.display = 'none' " >
           [x]</a>
        </div>
        <pre>
        
ft1.5: After login==================
Traceback (most recent call last):
  File "/Users/zhouxiaoming/Desktop/untitled/test_erp.py", line 638, in test_13_estimate_manage
    print(driver.get_text("xpath=&gt;.//*[@id='block-menu-block-1']/div/ul/li[6]/a"))
  File "/Library/Frameworks/Python.framework/Versions/3.5/lib/python3.5/site-packages/pyse-0.0.7-py3.5.egg/pyse/pyse.py", line 313, in get_text
    self.element_wait(css)
  File "/Library/Frameworks/Python.framework/Versions/3.5/lib/python3.5/site-packages/pyse-0.0.7-py3.5.egg/pyse/pyse.py", line 61, in element_wait
    WebDriverWait(self.driver,secs,1).until(EC.presence_of_element_located((By.XPATH, value)))
  File "/Library/Frameworks/Python.framework/Versions/3.5/lib/python3.5/site-packages/pyse-0.0.7-py3.5.egg/selenium/webdriver/support/wait.py", line 80, in until
    raise TimeoutException(message, screen, stacktrace)
selenium.common.exceptions.TimeoutException: Message: 



        </pre>
    </div>
    <!--css div popup end-->

    </td>
</tr>

<tr id='ft1.6' class='none'>
    <td class='errorCase'><div class='testcase'>test_14_Information_management</div></td>
    <td colspan='5' align='center'>

    <!--css div popup start-->
    <a class="popup_link" onfocus='this.blur();' href="javascript:showTestDetail('div_ft1.6')" >
        error</a>

    <div id='div_ft1.6' class="popup_window">
        <div style='text-align: right; color:red;cursor:pointer'>
        <a onfocus='this.blur();' onclick="document.getElementById('div_ft1.6').style.display = 'none' " >
           [x]</a>
        </div>
        <pre>
        
ft1.6: After login==================
Traceback (most recent call last):
  File "/Users/zhouxiaoming/Desktop/untitled/test_erp.py", line 682, in test_14_Information_management
    login().staff_management(driver)
  File "/Users/zhouxiaoming/Desktop/untitled/Login.py", line 24, in staff_management
    driver.click("xpath=&gt;.//*[@id='block-menu-block-1']/div/ul/li[7]/span")
  File "/Library/Frameworks/Python.framework/Versions/3.5/lib/python3.5/site-packages/pyse-0.0.7-py3.5.egg/pyse/pyse.py", line 150, in click
    self.element_wait(css)
  File "/Library/Frameworks/Python.framework/Versions/3.5/lib/python3.5/site-packages/pyse-0.0.7-py3.5.egg/pyse/pyse.py", line 61, in element_wait
    WebDriverWait(self.driver,secs,1).until(EC.presence_of_element_located((By.XPATH, value)))
  File "/Library/Frameworks/Python.framework/Versions/3.5/lib/python3.5/site-packages/pyse-0.0.7-py3.5.egg/selenium/webdriver/support/wait.py", line 80, in until
    raise TimeoutException(message, screen, stacktrace)
selenium.common.exceptions.TimeoutException: Message: 



        </pre>
    </div>
    <!--css div popup end-->

    </td>
</tr>

<tr id='ft1.7' class='none'>
    <td class='errorCase'><div class='testcase'>test_15_contract_management</div></td>
    <td colspan='5' align='center'>

    <!--css div popup start-->
    <a class="popup_link" onfocus='this.blur();' href="javascript:showTestDetail('div_ft1.7')" >
        error</a>

    <div id='div_ft1.7' class="popup_window">
        <div style='text-align: right; color:red;cursor:pointer'>
        <a onfocus='this.blur();' onclick="document.getElementById('div_ft1.7').style.display = 'none' " >
           [x]</a>
        </div>
        <pre>
        
ft1.7: After login==================
Traceback (most recent call last):
  File "/Users/zhouxiaoming/Desktop/untitled/test_erp.py", line 846, in test_15_contract_management
    login().staff_management(driver)
  File "/Users/zhouxiaoming/Desktop/untitled/Login.py", line 24, in staff_management
    driver.click("xpath=&gt;.//*[@id='block-menu-block-1']/div/ul/li[7]/span")
  File "/Library/Frameworks/Python.framework/Versions/3.5/lib/python3.5/site-packages/pyse-0.0.7-py3.5.egg/pyse/pyse.py", line 150, in click
    self.element_wait(css)
  File "/Library/Frameworks/Python.framework/Versions/3.5/lib/python3.5/site-packages/pyse-0.0.7-py3.5.egg/pyse/pyse.py", line 61, in element_wait
    WebDriverWait(self.driver,secs,1).until(EC.presence_of_element_located((By.XPATH, value)))
  File "/Library/Frameworks/Python.framework/Versions/3.5/lib/python3.5/site-packages/pyse-0.0.7-py3.5.egg/selenium/webdriver/support/wait.py", line 80, in until
    raise TimeoutException(message, screen, stacktrace)
selenium.common.exceptions.TimeoutException: Message: 



        </pre>
    </div>
    <!--css div popup end-->

    </td>
</tr>

<tr id='ft1.8' class='none'>
    <td class='errorCase'><div class='testcase'>test_16_dimission_management</div></td>
    <td colspan='5' align='center'>

    <!--css div popup start-->
    <a class="popup_link" onfocus='this.blur();' href="javascript:showTestDetail('div_ft1.8')" >
        error</a>

    <div id='div_ft1.8' class="popup_window">
        <div style='text-align: right; color:red;cursor:pointer'>
        <a onfocus='this.blur();' onclick="document.getElementById('div_ft1.8').style.display = 'none' " >
           [x]</a>
        </div>
        <pre>
        
ft1.8: After login==================
Traceback (most recent call last):
  File "/Users/zhouxiaoming/Desktop/untitled/test_erp.py", line 883, in test_16_dimission_management
    login().staff_management(driver)
  File "/Users/zhouxiaoming/Desktop/untitled/Login.py", line 24, in staff_management
    driver.click("xpath=&gt;.//*[@id='block-menu-block-1']/div/ul/li[7]/span")
  File "/Library/Frameworks/Python.framework/Versions/3.5/lib/python3.5/site-packages/pyse-0.0.7-py3.5.egg/pyse/pyse.py", line 150, in click
    self.element_wait(css)
  File "/Library/Frameworks/Python.framework/Versions/3.5/lib/python3.5/site-packages/pyse-0.0.7-py3.5.egg/pyse/pyse.py", line 61, in element_wait
    WebDriverWait(self.driver,secs,1).until(EC.presence_of_element_located((By.XPATH, value)))
  File "/Library/Frameworks/Python.framework/Versions/3.5/lib/python3.5/site-packages/pyse-0.0.7-py3.5.egg/selenium/webdriver/support/wait.py", line 80, in until
    raise TimeoutException(message, screen, stacktrace)
selenium.common.exceptions.TimeoutException: Message: 



        </pre>
    </div>
    <!--css div popup end-->

    </td>
</tr>

<tr id='ft1.9' class='none'>
    <td class='errorCase'><div class='testcase'>test_17_black_manage</div></td>
    <td colspan='5' align='center'>

    <!--css div popup start-->
    <a class="popup_link" onfocus='this.blur();' href="javascript:showTestDetail('div_ft1.9')" >
        error</a>

    <div id='div_ft1.9' class="popup_window">
        <div style='text-align: right; color:red;cursor:pointer'>
        <a onfocus='this.blur();' onclick="document.getElementById('div_ft1.9').style.display = 'none' " >
           [x]</a>
        </div>
        <pre>
        
ft1.9: After login==================
Traceback (most recent call last):
  File "/Users/zhouxiaoming/Desktop/untitled/test_erp.py", line 928, in test_17_black_manage
    login().staff_management(driver)
  File "/Users/zhouxiaoming/Desktop/untitled/Login.py", line 24, in staff_management
    driver.click("xpath=&gt;.//*[@id='block-menu-block-1']/div/ul/li[7]/span")
  File "/Library/Frameworks/Python.framework/Versions/3.5/lib/python3.5/site-packages/pyse-0.0.7-py3.5.egg/pyse/pyse.py", line 150, in click
    self.element_wait(css)
  File "/Library/Frameworks/Python.framework/Versions/3.5/lib/python3.5/site-packages/pyse-0.0.7-py3.5.egg/pyse/pyse.py", line 61, in element_wait
    WebDriverWait(self.driver,secs,1).until(EC.presence_of_element_located((By.XPATH, value)))
  File "/Library/Frameworks/Python.framework/Versions/3.5/lib/python3.5/site-packages/pyse-0.0.7-py3.5.egg/selenium/webdriver/support/wait.py", line 80, in until
    raise TimeoutException(message, screen, stacktrace)
selenium.common.exceptions.TimeoutException: Message: 



        </pre>
    </div>
    <!--css div popup end-->

    </td>
</tr>

<tr id='ft1.10' class='none'>
    <td class='errorCase'><div class='testcase'>test_18_transaction_mangen</div></td>
    <td colspan='5' align='center'>

    <!--css div popup start-->
    <a class="popup_link" onfocus='this.blur();' href="javascript:showTestDetail('div_ft1.10')" >
        error</a>

    <div id='div_ft1.10' class="popup_window">
        <div style='text-align: right; color:red;cursor:pointer'>
        <a onfocus='this.blur();' onclick="document.getElementById('div_ft1.10').style.display = 'none' " >
           [x]</a>
        </div>
        <pre>
        
ft1.10: After login==================
Traceback (most recent call last):
  File "/Users/zhouxiaoming/Desktop/untitled/test_erp.py", line 961, in test_18_transaction_mangen
    login().transaction_mangen(driver)
  File "/Users/zhouxiaoming/Desktop/untitled/Login.py", line 27, in transaction_mangen
    driver.click("xpath=&gt;.//*[@id='block-menu-block-1']/div/ul/li[8]/span")
  File "/Library/Frameworks/Python.framework/Versions/3.5/lib/python3.5/site-packages/pyse-0.0.7-py3.5.egg/pyse/pyse.py", line 150, in click
    self.element_wait(css)
  File "/Library/Frameworks/Python.framework/Versions/3.5/lib/python3.5/site-packages/pyse-0.0.7-py3.5.egg/pyse/pyse.py", line 61, in element_wait
    WebDriverWait(self.driver,secs,1).until(EC.presence_of_element_located((By.XPATH, value)))
  File "/Library/Frameworks/Python.framework/Versions/3.5/lib/python3.5/site-packages/pyse-0.0.7-py3.5.egg/selenium/webdriver/support/wait.py", line 80, in until
    raise TimeoutException(message, screen, stacktrace)
selenium.common.exceptions.TimeoutException: Message: 



        </pre>
    </div>
    <!--css div popup end-->

    </td>
</tr>

<tr id='ft1.11' class='none'>
    <td class='errorCase'><div class='testcase'>test_2: erp-cash search key : pyse</div></td>
    <td colspan='5' align='center'>

    <!--css div popup start-->
    <a class="popup_link" onfocus='this.blur();' href="javascript:showTestDetail('div_ft1.11')" >
        error</a>

    <div id='div_ft1.11' class="popup_window">
        <div style='text-align: right; color:red;cursor:pointer'>
        <a onfocus='this.blur();' onclick="document.getElementById('div_ft1.11').style.display = 'none' " >
           [x]</a>
        </div>
        <pre>
        
ft1.11: After login==================
Traceback (most recent call last):
  File "/Users/zhouxiaoming/Desktop/untitled/test_erp.py", line 52, in test_2
    login().cash_list(driver)
  File "/Users/zhouxiaoming/Desktop/untitled/Login.py", line 18, in cash_list
    driver.click("css=&gt;.link-cash.nolink")
  File "/Library/Frameworks/Python.framework/Versions/3.5/lib/python3.5/site-packages/pyse-0.0.7-py3.5.egg/pyse/pyse.py", line 150, in click
    self.element_wait(css)
  File "/Library/Frameworks/Python.framework/Versions/3.5/lib/python3.5/site-packages/pyse-0.0.7-py3.5.egg/pyse/pyse.py", line 63, in element_wait
    WebDriverWait(self.driver,secs,1).until(EC.presence_of_element_located((By.CSS_SELECTOR, value)))
  File "/Library/Frameworks/Python.framework/Versions/3.5/lib/python3.5/site-packages/pyse-0.0.7-py3.5.egg/selenium/webdriver/support/wait.py", line 80, in until
    raise TimeoutException(message, screen, stacktrace)
selenium.common.exceptions.TimeoutException: Message: 



        </pre>
    </div>
    <!--css div popup end-->

    </td>
</tr>

<tr id='ft1.12' class='none'>
    <td class='errorCase'><div class='testcase'>test_3_deposit_check: erp-deposit search key : pyse</div></td>
    <td colspan='5' align='center'>

    <!--css div popup start-->
    <a class="popup_link" onfocus='this.blur();' href="javascript:showTestDetail('div_ft1.12')" >
        error</a>

    <div id='div_ft1.12' class="popup_window">
        <div style='text-align: right; color:red;cursor:pointer'>
        <a onfocus='this.blur();' onclick="document.getElementById('div_ft1.12').style.display = 'none' " >
           [x]</a>
        </div>
        <pre>
        
ft1.12: After login==================
Traceback (most recent call last):
  File "/Users/zhouxiaoming/Desktop/untitled/test_erp.py", line 94, in test_3_deposit_check
    login().cash_list(driver)
  File "/Users/zhouxiaoming/Desktop/untitled/Login.py", line 18, in cash_list
    driver.click("css=&gt;.link-cash.nolink")
  File "/Library/Frameworks/Python.framework/Versions/3.5/lib/python3.5/site-packages/pyse-0.0.7-py3.5.egg/pyse/pyse.py", line 150, in click
    self.element_wait(css)
  File "/Library/Frameworks/Python.framework/Versions/3.5/lib/python3.5/site-packages/pyse-0.0.7-py3.5.egg/pyse/pyse.py", line 63, in element_wait
    WebDriverWait(self.driver,secs,1).until(EC.presence_of_element_located((By.CSS_SELECTOR, value)))
  File "/Library/Frameworks/Python.framework/Versions/3.5/lib/python3.5/site-packages/pyse-0.0.7-py3.5.egg/selenium/webdriver/support/wait.py", line 80, in until
    raise TimeoutException(message, screen, stacktrace)
selenium.common.exceptions.TimeoutException: Message: 



        </pre>
    </div>
    <!--css div popup end-->

    </td>
</tr>

<tr id='ft1.13' class='none'>
    <td class='errorCase'><div class='testcase'>test_4_nonbusiness: erp-nonbusiness search key : pyse</div></td>
    <td colspan='5' align='center'>

    <!--css div popup start-->
    <a class="popup_link" onfocus='this.blur();' href="javascript:showTestDetail('div_ft1.13')" >
        error</a>

    <div id='div_ft1.13' class="popup_window">
        <div style='text-align: right; color:red;cursor:pointer'>
        <a onfocus='this.blur();' onclick="document.getElementById('div_ft1.13').style.display = 'none' " >
           [x]</a>
        </div>
        <pre>
        
ft1.13: After login==================
Traceback (most recent call last):
  File "/Users/zhouxiaoming/Desktop/untitled/test_erp.py", line 127, in test_4_nonbusiness
    login().cash_list(driver)
  File "/Users/zhouxiaoming/Desktop/untitled/Login.py", line 18, in cash_list
    driver.click("css=&gt;.link-cash.nolink")
  File "/Library/Frameworks/Python.framework/Versions/3.5/lib/python3.5/site-packages/pyse-0.0.7-py3.5.egg/pyse/pyse.py", line 150, in click
    self.element_wait(css)
  File "/Library/Frameworks/Python.framework/Versions/3.5/lib/python3.5/site-packages/pyse-0.0.7-py3.5.egg/pyse/pyse.py", line 63, in element_wait
    WebDriverWait(self.driver,secs,1).until(EC.presence_of_element_located((By.CSS_SELECTOR, value)))
  File "/Library/Frameworks/Python.framework/Versions/3.5/lib/python3.5/site-packages/pyse-0.0.7-py3.5.egg/selenium/webdriver/support/wait.py", line 80, in until
    raise TimeoutException(message, screen, stacktrace)
selenium.common.exceptions.TimeoutException: Message: 



        </pre>
    </div>
    <!--css div popup end-->

    </td>
</tr>

<tr id='ft1.14' class='none'>
    <td class='errorCase'><div class='testcase'>test_5_deposit_received: erp-deposit_received search key : pyse</div></td>
    <td colspan='5' align='center'>

    <!--css div popup start-->
    <a class="popup_link" onfocus='this.blur();' href="javascript:showTestDetail('div_ft1.14')" >
        error</a>

    <div id='div_ft1.14' class="popup_window">
        <div style='text-align: right; color:red;cursor:pointer'>
        <a onfocus='this.blur();' onclick="document.getElementById('div_ft1.14').style.display = 'none' " >
           [x]</a>
        </div>
        <pre>
        
ft1.14: After login==================
Traceback (most recent call last):
  File "/Users/zhouxiaoming/Desktop/untitled/test_erp.py", line 160, in test_5_deposit_received
    login().cash_list(driver)
  File "/Users/zhouxiaoming/Desktop/untitled/Login.py", line 18, in cash_list
    driver.click("css=&gt;.link-cash.nolink")
  File "/Library/Frameworks/Python.framework/Versions/3.5/lib/python3.5/site-packages/pyse-0.0.7-py3.5.egg/pyse/pyse.py", line 150, in click
    self.element_wait(css)
  File "/Library/Frameworks/Python.framework/Versions/3.5/lib/python3.5/site-packages/pyse-0.0.7-py3.5.egg/pyse/pyse.py", line 63, in element_wait
    WebDriverWait(self.driver,secs,1).until(EC.presence_of_element_located((By.CSS_SELECTOR, value)))
  File "/Library/Frameworks/Python.framework/Versions/3.5/lib/python3.5/site-packages/pyse-0.0.7-py3.5.egg/selenium/webdriver/support/wait.py", line 80, in until
    raise TimeoutException(message, screen, stacktrace)
selenium.common.exceptions.TimeoutException: Message: 



        </pre>
    </div>
    <!--css div popup end-->

    </td>
</tr>

<tr id='ft1.15' class='none'>
    <td class='errorCase'><div class='testcase'>test_6_spent_cash: erp-spent_cash search key : pyse</div></td>
    <td colspan='5' align='center'>

    <!--css div popup start-->
    <a class="popup_link" onfocus='this.blur();' href="javascript:showTestDetail('div_ft1.15')" >
        error</a>

    <div id='div_ft1.15' class="popup_window">
        <div style='text-align: right; color:red;cursor:pointer'>
        <a onfocus='this.blur();' onclick="document.getElementById('div_ft1.15').style.display = 'none' " >
           [x]</a>
        </div>
        <pre>
        
ft1.15: After login==================
Traceback (most recent call last):
  File "/Users/zhouxiaoming/Desktop/untitled/test_erp.py", line 225, in test_6_spent_cash
    login().cash_list(driver)
  File "/Users/zhouxiaoming/Desktop/untitled/Login.py", line 18, in cash_list
    driver.click("css=&gt;.link-cash.nolink")
  File "/Library/Frameworks/Python.framework/Versions/3.5/lib/python3.5/site-packages/pyse-0.0.7-py3.5.egg/pyse/pyse.py", line 150, in click
    self.element_wait(css)
  File "/Library/Frameworks/Python.framework/Versions/3.5/lib/python3.5/site-packages/pyse-0.0.7-py3.5.egg/pyse/pyse.py", line 63, in element_wait
    WebDriverWait(self.driver,secs,1).until(EC.presence_of_element_located((By.CSS_SELECTOR, value)))
  File "/Library/Frameworks/Python.framework/Versions/3.5/lib/python3.5/site-packages/pyse-0.0.7-py3.5.egg/selenium/webdriver/support/wait.py", line 80, in until
    raise TimeoutException(message, screen, stacktrace)
selenium.common.exceptions.TimeoutException: Message: 



        </pre>
    </div>
    <!--css div popup end-->

    </td>
</tr>

<tr id='ft1.16' class='none'>
    <td class='errorCase'><div class='testcase'>test_7_spend_detail: erp-spend_detail search key : pyse</div></td>
    <td colspan='5' align='center'>

    <!--css div popup start-->
    <a class="popup_link" onfocus='this.blur();' href="javascript:showTestDetail('div_ft1.16')" >
        error</a>

    <div id='div_ft1.16' class="popup_window">
        <div style='text-align: right; color:red;cursor:pointer'>
        <a onfocus='this.blur();' onclick="document.getElementById('div_ft1.16').style.display = 'none' " >
           [x]</a>
        </div>
        <pre>
        
ft1.16: After login==================
Traceback (most recent call last):
  File "/Users/zhouxiaoming/Desktop/untitled/test_erp.py", line 264, in test_7_spend_detail
    login().cash_list(driver)
  File "/Users/zhouxiaoming/Desktop/untitled/Login.py", line 18, in cash_list
    driver.click("css=&gt;.link-cash.nolink")
  File "/Library/Frameworks/Python.framework/Versions/3.5/lib/python3.5/site-packages/pyse-0.0.7-py3.5.egg/pyse/pyse.py", line 150, in click
    self.element_wait(css)
  File "/Library/Frameworks/Python.framework/Versions/3.5/lib/python3.5/site-packages/pyse-0.0.7-py3.5.egg/pyse/pyse.py", line 63, in element_wait
    WebDriverWait(self.driver,secs,1).until(EC.presence_of_element_located((By.CSS_SELECTOR, value)))
  File "/Library/Frameworks/Python.framework/Versions/3.5/lib/python3.5/site-packages/pyse-0.0.7-py3.5.egg/selenium/webdriver/support/wait.py", line 71, in until
    value = method(self._driver)
  File "/Library/Frameworks/Python.framework/Versions/3.5/lib/python3.5/site-packages/pyse-0.0.7-py3.5.egg/selenium/webdriver/support/expected_conditions.py", line 63, in __call__
    return _find_element(driver, self.locator)
  File "/Library/Frameworks/Python.framework/Versions/3.5/lib/python3.5/site-packages/pyse-0.0.7-py3.5.egg/selenium/webdriver/support/expected_conditions.py", line 332, in _find_element
    raise e
  File "/Library/Frameworks/Python.framework/Versions/3.5/lib/python3.5/site-packages/pyse-0.0.7-py3.5.egg/selenium/webdriver/support/expected_conditions.py", line 328, in _find_element
    return driver.find_element(*by)
  File "/Library/Frameworks/Python.framework/Versions/3.5/lib/python3.5/site-packages/pyse-0.0.7-py3.5.egg/selenium/webdriver/remote/webdriver.py", line 752, in find_element
    'value': value})['value']
  File "/Library/Frameworks/Python.framework/Versions/3.5/lib/python3.5/site-packages/pyse-0.0.7-py3.5.egg/selenium/webdriver/remote/webdriver.py", line 236, in execute
    self.error_handler.check_response(response)
  File "/Library/Frameworks/Python.framework/Versions/3.5/lib/python3.5/site-packages/pyse-0.0.7-py3.5.egg/selenium/webdriver/remote/errorhandler.py", line 192, in check_response
    raise exception_class(message, screen, stacktrace)
selenium.common.exceptions.NoSuchWindowException: Message: no such window: target window already closed
from unknown error: web view not found
  (Session info: chrome=57.0.2987.133)
  (Driver info: chromedriver=2.28.455517 (2c6d2707d8ea850c862f04ac066724273981e88f),platform=Mac OS X 10.12.3 x86_64)



        </pre>
    </div>
    <!--css div popup end-->

    </td>
</tr>

<tr id='ft1.17' class='none'>
    <td class='errorCase'><div class='testcase'>test_8_daily_operations: erp-daily_operations search key : pyse</div></td>
    <td colspan='5' align='center'>

    <!--css div popup start-->
    <a class="popup_link" onfocus='this.blur();' href="javascript:showTestDetail('div_ft1.17')" >
        error</a>

    <div id='div_ft1.17' class="popup_window">
        <div style='text-align: right; color:red;cursor:pointer'>
        <a onfocus='this.blur();' onclick="document.getElementById('div_ft1.17').style.display = 'none' " >
           [x]</a>
        </div>
        <pre>
        
ft1.17: After login==================
Traceback (most recent call last):
  File "/Users/zhouxiaoming/Desktop/untitled/test_erp.py", line 328, in test_8_daily_operations
    login().cash_list(driver)
  File "/Users/zhouxiaoming/Desktop/untitled/Login.py", line 18, in cash_list
    driver.click("css=&gt;.link-cash.nolink")
  File "/Library/Frameworks/Python.framework/Versions/3.5/lib/python3.5/site-packages/pyse-0.0.7-py3.5.egg/pyse/pyse.py", line 150, in click
    self.element_wait(css)
  File "/Library/Frameworks/Python.framework/Versions/3.5/lib/python3.5/site-packages/pyse-0.0.7-py3.5.egg/pyse/pyse.py", line 63, in element_wait
    WebDriverWait(self.driver,secs,1).until(EC.presence_of_element_located((By.CSS_SELECTOR, value)))
  File "/Library/Frameworks/Python.framework/Versions/3.5/lib/python3.5/site-packages/pyse-0.0.7-py3.5.egg/selenium/webdriver/support/wait.py", line 80, in until
    raise TimeoutException(message, screen, stacktrace)
selenium.common.exceptions.TimeoutException: Message: 



        </pre>
    </div>
    <!--css div popup end-->

    </td>
</tr>

<tr id='ft1.18' class='none'>
    <td class='errorCase'><div class='testcase'>test_9_run_report: erp-run_report search key : pyse</div></td>
    <td colspan='5' align='center'>

    <!--css div popup start-->
    <a class="popup_link" onfocus='this.blur();' href="javascript:showTestDetail('div_ft1.18')" >
        error</a>

    <div id='div_ft1.18' class="popup_window">
        <div style='text-align: right; color:red;cursor:pointer'>
        <a onfocus='this.blur();' onclick="document.getElementById('div_ft1.18').style.display = 'none' " >
           [x]</a>
        </div>
        <pre>
        
ft1.18: After login==================
Traceback (most recent call last):
  File "/Users/zhouxiaoming/Desktop/untitled/test_erp.py", line 365, in test_9_run_report
    login().cash_list(driver)
  File "/Users/zhouxiaoming/Desktop/untitled/Login.py", line 18, in cash_list
    driver.click("css=&gt;.link-cash.nolink")
  File "/Library/Frameworks/Python.framework/Versions/3.5/lib/python3.5/site-packages/pyse-0.0.7-py3.5.egg/pyse/pyse.py", line 150, in click
    self.element_wait(css)
  File "/Library/Frameworks/Python.framework/Versions/3.5/lib/python3.5/site-packages/pyse-0.0.7-py3.5.egg/pyse/pyse.py", line 63, in element_wait
    WebDriverWait(self.driver,secs,1).until(EC.presence_of_element_located((By.CSS_SELECTOR, value)))
  File "/Library/Frameworks/Python.framework/Versions/3.5/lib/python3.5/site-packages/pyse-0.0.7-py3.5.egg/selenium/webdriver/support/wait.py", line 80, in until
    raise TimeoutException(message, screen, stacktrace)
selenium.common.exceptions.TimeoutException: Message: 



        </pre>
    </div>
    <!--css div popup end-->

    </td>
</tr>

<tr id='total_row'>
    <td>Total</td>
    <td>18</td>
    <td class="text text-success">0</td>
    <td class="text text-danger">0</td>
    <td class="text text-warning">18</td>
    <td>&nbsp;</td>
</tr>
</table>

<div id='ending'>&nbsp;</div>

</body>
</html>
